TN:
SF:./dist/angular-validation-messages.js
FN:6,(anonymous_1)
FN:17,(anonymous_2)
FN:20,(anonymous_3)
FN:29,(anonymous_4)
FN:33,prelink
FN:38,link
FN:56,(anonymous_7)
FN:57,(anonymous_8)
FN:73,(anonymous_9)
FN:75,(anonymous_10)
FN:88,(anonymous_11)
FN:90,(anonymous_12)
FN:97,(anonymous_13)
FN:102,(anonymous_14)
FN:107,(anonymous_15)
FN:109,(anonymous_16)
FN:116,(anonymous_17)
FN:120,(anonymous_18)
FN:129,showMessageIfNeeded
FN:142,getMessage
FN:144,(anonymous_21)
FN:167,(anonymous_22)
FN:170,(anonymous_23)
FN:180,(anonymous_24)
FN:182,(anonymous_25)
FN:185,(anonymous_26)
FN:186,(anonymous_27)
FN:192,(anonymous_28)
FN:196,(anonymous_29)
FN:200,(anonymous_30)
FN:205,(anonymous_31)
FN:208,(anonymous_32)
FN:212,(anonymous_33)
FN:217,(anonymous_34)
FN:223,(anonymous_35)
FN:237,(anonymous_36)
FN:248,(anonymous_37)
FN:253,(anonymous_38)
FN:263,(anonymous_39)
FN:265,(anonymous_40)
FN:267,(anonymous_41)
FN:273,getFirstInvalidControl
FN:275,(anonymous_43)
FN:295,(anonymous_44)
FN:298,(anonymous_45)
FN:300,(anonymous_46)
FN:304,(anonymous_47)
FN:345,(anonymous_48)
FN:350,(anonymous_49)
FN:354,(anonymous_50)
FN:359,(anonymous_51)
FN:363,(anonymous_52)
FN:368,(anonymous_53)
FN:373,(anonymous_54)
FN:379,(anonymous_55)
FN:386,(anonymous_56)
FN:394,(anonymous_57)
FN:398,(anonymous_58)
FN:402,(anonymous_59)
FN:405,(anonymous_60)
FN:424,(anonymous_61)
FN:425,(anonymous_62)
FNF:62
FNH:40
FNDA:1,(anonymous_1)
FNDA:1,(anonymous_2)
FNDA:1,(anonymous_3)
FNDA:3,(anonymous_4)
FNDA:3,prelink
FNDA:3,link
FNDA:1,(anonymous_7)
FNDA:1,(anonymous_8)
FNDA:10,(anonymous_9)
FNDA:2,(anonymous_10)
FNDA:30,(anonymous_11)
FNDA:3,(anonymous_12)
FNDA:3,(anonymous_13)
FNDA:0,(anonymous_14)
FNDA:30,(anonymous_15)
FNDA:6,(anonymous_16)
FNDA:0,(anonymous_17)
FNDA:1,(anonymous_18)
FNDA:2,showMessageIfNeeded
FNDA:5,getMessage
FNDA:10,(anonymous_21)
FNDA:1,(anonymous_22)
FNDA:1,(anonymous_23)
FNDA:1,(anonymous_24)
FNDA:3,(anonymous_25)
FNDA:0,(anonymous_26)
FNDA:0,(anonymous_27)
FNDA:0,(anonymous_28)
FNDA:3,(anonymous_29)
FNDA:5,(anonymous_30)
FNDA:1,(anonymous_31)
FNDA:1,(anonymous_32)
FNDA:1,(anonymous_33)
FNDA:1,(anonymous_34)
FNDA:3,(anonymous_35)
FNDA:0,(anonymous_36)
FNDA:0,(anonymous_37)
FNDA:0,(anonymous_38)
FNDA:12,(anonymous_39)
FNDA:2,(anonymous_40)
FNDA:0,(anonymous_41)
FNDA:1,getFirstInvalidControl
FNDA:3,(anonymous_43)
FNDA:1,(anonymous_44)
FNDA:1,(anonymous_45)
FNDA:0,(anonymous_46)
FNDA:0,(anonymous_47)
FNDA:0,(anonymous_48)
FNDA:0,(anonymous_49)
FNDA:0,(anonymous_50)
FNDA:0,(anonymous_51)
FNDA:0,(anonymous_52)
FNDA:0,(anonymous_53)
FNDA:0,(anonymous_54)
FNDA:0,(anonymous_55)
FNDA:0,(anonymous_56)
FNDA:1,(anonymous_57)
FNDA:0,(anonymous_58)
FNDA:5,(anonymous_59)
FNDA:5,(anonymous_60)
FNDA:5,(anonymous_61)
FNDA:0,(anonymous_62)
DA:6,1
DA:8,1
DA:17,1
DA:19,1
DA:21,1
DA:24,1
DA:32,3
DA:34,3
DA:35,3
DA:36,3
DA:40,3
DA:49,3
DA:50,3
DA:51,3
DA:54,3
DA:56,1
DA:57,1
DA:58,1
DA:61,1
DA:73,1
DA:74,10
DA:76,2
DA:77,1
DA:80,1
DA:82,1
DA:84,0
DA:85,0
DA:88,3
DA:89,30
DA:91,3
DA:92,0
DA:97,3
DA:98,3
DA:99,3
DA:102,3
DA:103,0
DA:104,0
DA:107,3
DA:108,30
DA:110,6
DA:111,3
DA:112,3
DA:116,3
DA:117,0
DA:120,3
DA:121,1
DA:126,3
DA:129,1
DA:130,2
DA:131,2
DA:132,2
DA:133,2
DA:136,0
DA:137,0
DA:138,0
DA:142,1
DA:143,5
DA:144,5
DA:145,10
DA:146,5
DA:149,5
DA:150,5
DA:152,5
DA:167,1
DA:169,1
DA:171,1
DA:172,1
DA:181,1
DA:182,1
DA:183,3
DA:185,1
DA:186,0
DA:187,0
DA:188,0
DA:192,1
DA:193,0
DA:196,1
DA:197,3
DA:200,1
DA:201,5
DA:207,1
DA:209,1
DA:210,1
DA:214,1
DA:217,1
DA:218,1
DA:220,1
DA:223,1
DA:224,3
DA:228,1
DA:230,1
DA:232,1
DA:234,0
DA:236,0
DA:237,0
DA:238,0
DA:239,0
DA:243,0
DA:244,0
DA:247,0
DA:248,0
DA:249,0
DA:250,0
DA:251,0
DA:254,0
DA:263,1
DA:264,12
DA:266,2
DA:267,0
DA:268,0
DA:273,1
DA:274,1
DA:275,1
DA:276,3
DA:277,1
DA:279,1
DA:295,1
DA:297,1
DA:299,1
DA:301,0
DA:302,0
DA:305,0
DA:306,0
DA:311,1
DA:345,1
DA:346,0
DA:347,0
DA:350,1
DA:351,0
DA:354,1
DA:355,0
DA:356,0
DA:359,1
DA:360,0
DA:363,1
DA:364,0
DA:365,0
DA:368,1
DA:369,0
DA:370,0
DA:373,1
DA:374,0
DA:375,0
DA:376,0
DA:379,1
DA:380,0
DA:381,0
DA:383,0
DA:386,1
DA:387,0
DA:388,0
DA:390,0
DA:394,1
DA:397,1
DA:400,0
DA:403,5
DA:406,5
DA:410,5
DA:412,0
DA:413,0
DA:416,0
DA:417,0
DA:420,5
DA:425,5
DA:426,0
DA:428,5
DA:432,1
LF:167
LH:110
BRDA:43,1,0,3
BRDA:43,1,1,0
BRDA:43,1,2,0
BRDA:46,2,0,3
BRDA:46,2,1,3
BRDA:46,2,2,3
BRDA:54,3,0,1
BRDA:54,3,1,1
BRDA:54,3,2,1
BRDA:54,3,3,0
BRDA:76,4,0,1
BRDA:76,4,1,1
BRDA:91,5,0,0
BRDA:91,5,1,3
BRDA:110,6,0,3
BRDA:110,6,1,3
BRDA:130,7,0,2
BRDA:130,7,1,0
BRDA:145,8,0,5
BRDA:145,8,1,5
BRDA:150,9,0,5
BRDA:150,9,1,0
BRDA:150,9,2,5
BRDA:150,9,3,5
BRDA:187,10,0,0
BRDA:187,10,1,0
BRDA:201,11,0,5
BRDA:201,11,1,0
BRDA:221,12,0,1
BRDA:221,12,1,1
BRDA:228,13,0,1
BRDA:228,13,1,0
BRDA:236,14,0,0
BRDA:236,14,1,0
BRDA:238,15,0,0
BRDA:238,15,1,0
BRDA:243,16,0,0
BRDA:243,16,1,0
BRDA:247,17,0,0
BRDA:247,17,1,0
BRDA:250,18,0,0
BRDA:250,18,1,0
BRDA:266,19,0,0
BRDA:266,19,1,2
BRDA:266,20,0,2
BRDA:266,20,1,1
BRDA:276,21,0,1
BRDA:276,21,1,2
BRDA:276,22,0,3
BRDA:276,22,1,1
BRDA:374,23,0,0
BRDA:374,23,1,0
BRDA:380,24,0,0
BRDA:380,24,1,0
BRDA:387,25,0,0
BRDA:387,25,1,0
BRDA:400,26,0,0
BRDA:400,26,1,0
BRDA:403,27,0,5
BRDA:403,27,1,0
BRDA:408,28,0,5
BRDA:408,28,1,5
BRDA:410,29,0,0
BRDA:410,29,1,0
BRDA:426,30,0,0
BRDA:426,30,1,0
BRDA:426,31,0,0
BRDA:426,31,1,0
BRF:68
BRH:32
end_of_record
