TN:
SF:./dist/angular-validation-messages.js
FN:6,(anonymous_1)
FN:17,(anonymous_2)
FN:20,(anonymous_3)
FN:29,(anonymous_4)
FN:33,prelink
FN:38,link
FN:56,(anonymous_7)
FN:57,(anonymous_8)
FN:73,(anonymous_9)
FN:75,(anonymous_10)
FN:88,(anonymous_11)
FN:90,(anonymous_12)
FN:97,(anonymous_13)
FN:102,(anonymous_14)
FN:107,(anonymous_15)
FN:109,(anonymous_16)
FN:116,(anonymous_17)
FN:120,(anonymous_18)
FN:129,showMessageIfNeeded
FN:142,getMessage
FN:144,(anonymous_21)
FN:167,(anonymous_22)
FN:170,(anonymous_23)
FN:180,(anonymous_24)
FN:182,(anonymous_25)
FN:185,(anonymous_26)
FN:186,(anonymous_27)
FN:192,(anonymous_28)
FN:196,(anonymous_29)
FN:200,(anonymous_30)
FN:205,(anonymous_31)
FN:208,(anonymous_32)
FN:212,(anonymous_33)
FN:217,(anonymous_34)
FN:223,(anonymous_35)
FN:237,(anonymous_36)
FN:248,(anonymous_37)
FN:253,(anonymous_38)
FN:263,(anonymous_39)
FN:265,(anonymous_40)
FN:267,(anonymous_41)
FN:273,getFirstInvalidControl
FN:275,(anonymous_43)
FN:295,(anonymous_44)
FN:298,(anonymous_45)
FN:300,(anonymous_46)
FN:304,(anonymous_47)
FN:345,(anonymous_48)
FN:350,(anonymous_49)
FN:354,(anonymous_50)
FN:359,(anonymous_51)
FN:363,(anonymous_52)
FN:368,(anonymous_53)
FN:373,(anonymous_54)
FN:379,(anonymous_55)
FN:386,(anonymous_56)
FN:394,(anonymous_57)
FN:398,(anonymous_58)
FN:402,(anonymous_59)
FN:405,(anonymous_60)
FN:424,(anonymous_61)
FN:425,(anonymous_62)
FNF:62
FNH:42
FNDA:1,(anonymous_1)
FNDA:1,(anonymous_2)
FNDA:9,(anonymous_3)
FNDA:11,(anonymous_4)
FNDA:11,prelink
FNDA:11,link
FNDA:33,(anonymous_7)
FNDA:33,(anonymous_8)
FNDA:10,(anonymous_9)
FNDA:2,(anonymous_10)
FNDA:169,(anonymous_11)
FNDA:39,(anonymous_12)
FNDA:3,(anonymous_13)
FNDA:0,(anonymous_14)
FNDA:169,(anonymous_15)
FNDA:14,(anonymous_16)
FNDA:0,(anonymous_17)
FNDA:1,(anonymous_18)
FNDA:54,showMessageIfNeeded
FNDA:21,getMessage
FNDA:28,(anonymous_21)
FNDA:1,(anonymous_22)
FNDA:9,(anonymous_23)
FNDA:9,(anonymous_24)
FNDA:11,(anonymous_25)
FNDA:0,(anonymous_26)
FNDA:0,(anonymous_27)
FNDA:8,(anonymous_28)
FNDA:11,(anonymous_29)
FNDA:19,(anonymous_30)
FNDA:9,(anonymous_31)
FNDA:9,(anonymous_32)
FNDA:9,(anonymous_33)
FNDA:1,(anonymous_34)
FNDA:3,(anonymous_35)
FNDA:0,(anonymous_36)
FNDA:0,(anonymous_37)
FNDA:0,(anonymous_38)
FNDA:182,(anonymous_39)
FNDA:10,(anonymous_40)
FNDA:0,(anonymous_41)
FNDA:1,getFirstInvalidControl
FNDA:3,(anonymous_43)
FNDA:1,(anonymous_44)
FNDA:9,(anonymous_45)
FNDA:0,(anonymous_46)
FNDA:0,(anonymous_47)
FNDA:0,(anonymous_48)
FNDA:0,(anonymous_49)
FNDA:0,(anonymous_50)
FNDA:0,(anonymous_51)
FNDA:0,(anonymous_52)
FNDA:0,(anonymous_53)
FNDA:0,(anonymous_54)
FNDA:0,(anonymous_55)
FNDA:0,(anonymous_56)
FNDA:9,(anonymous_57)
FNDA:0,(anonymous_58)
FNDA:19,(anonymous_59)
FNDA:21,(anonymous_60)
FNDA:21,(anonymous_61)
FNDA:1,(anonymous_62)
DA:6,1
DA:8,1
DA:17,1
DA:19,1
DA:21,9
DA:24,9
DA:32,11
DA:34,11
DA:35,11
DA:36,11
DA:40,11
DA:49,11
DA:50,11
DA:51,11
DA:54,11
DA:56,9
DA:57,33
DA:58,33
DA:61,9
DA:73,1
DA:74,10
DA:76,2
DA:77,1
DA:80,1
DA:82,1
DA:84,0
DA:85,0
DA:88,11
DA:89,169
DA:91,39
DA:92,20
DA:97,11
DA:98,3
DA:99,3
DA:102,11
DA:103,0
DA:104,0
DA:107,11
DA:108,169
DA:110,14
DA:111,11
DA:112,11
DA:116,11
DA:117,0
DA:120,11
DA:121,1
DA:126,11
DA:129,1
DA:130,54
DA:131,18
DA:132,18
DA:133,18
DA:136,36
DA:137,36
DA:138,36
DA:142,1
DA:143,21
DA:144,21
DA:145,28
DA:146,22
DA:149,21
DA:150,21
DA:152,21
DA:167,1
DA:169,1
DA:171,9
DA:172,9
DA:181,9
DA:182,9
DA:183,11
DA:185,9
DA:186,0
DA:187,0
DA:188,0
DA:192,9
DA:193,8
DA:196,9
DA:197,11
DA:200,9
DA:201,19
DA:207,9
DA:209,9
DA:210,9
DA:214,9
DA:217,9
DA:218,1
DA:220,1
DA:223,1
DA:224,3
DA:228,1
DA:230,1
DA:232,1
DA:234,1
DA:236,1
DA:237,1
DA:238,0
DA:239,0
DA:243,0
DA:244,0
DA:247,1
DA:248,0
DA:249,0
DA:250,0
DA:251,0
DA:254,0
DA:263,9
DA:264,182
DA:266,10
DA:267,0
DA:268,0
DA:273,1
DA:274,1
DA:275,1
DA:276,3
DA:277,1
DA:279,1
DA:295,1
DA:297,1
DA:299,9
DA:301,0
DA:302,0
DA:305,0
DA:306,0
DA:311,9
DA:345,9
DA:346,0
DA:347,0
DA:350,9
DA:351,0
DA:354,9
DA:355,0
DA:356,0
DA:359,9
DA:360,0
DA:363,9
DA:364,0
DA:365,0
DA:368,9
DA:369,0
DA:370,0
DA:373,9
DA:374,0
DA:375,0
DA:376,0
DA:379,9
DA:380,0
DA:381,0
DA:383,0
DA:386,9
DA:387,0
DA:388,0
DA:390,0
DA:394,9
DA:397,9
DA:400,0
DA:403,19
DA:406,21
DA:410,21
DA:412,0
DA:413,0
DA:416,0
DA:417,0
DA:420,21
DA:425,21
DA:426,1
DA:428,21
DA:432,9
LF:167
LH:120
BRDA:43,1,0,11
BRDA:43,1,1,8
BRDA:43,1,2,8
BRDA:46,2,0,11
BRDA:46,2,1,11
BRDA:46,2,2,11
BRDA:54,3,0,9
BRDA:54,3,1,1
BRDA:54,3,2,1
BRDA:54,3,3,0
BRDA:76,4,0,1
BRDA:76,4,1,1
BRDA:91,5,0,20
BRDA:91,5,1,19
BRDA:110,6,0,11
BRDA:110,6,1,3
BRDA:130,7,0,18
BRDA:130,7,1,36
BRDA:145,8,0,22
BRDA:145,8,1,6
BRDA:150,9,0,21
BRDA:150,9,1,2
BRDA:150,9,2,19
BRDA:150,9,3,19
BRDA:187,10,0,0
BRDA:187,10,1,0
BRDA:201,11,0,19
BRDA:201,11,1,0
BRDA:221,12,0,1
BRDA:221,12,1,1
BRDA:228,13,0,1
BRDA:228,13,1,0
BRDA:236,14,0,1
BRDA:236,14,1,0
BRDA:238,15,0,0
BRDA:238,15,1,0
BRDA:243,16,0,0
BRDA:243,16,1,0
BRDA:247,17,0,0
BRDA:247,17,1,1
BRDA:250,18,0,0
BRDA:250,18,1,0
BRDA:266,19,0,0
BRDA:266,19,1,10
BRDA:266,20,0,10
BRDA:266,20,1,9
BRDA:276,21,0,1
BRDA:276,21,1,2
BRDA:276,22,0,3
BRDA:276,22,1,1
BRDA:374,23,0,0
BRDA:374,23,1,0
BRDA:380,24,0,0
BRDA:380,24,1,0
BRDA:387,25,0,0
BRDA:387,25,1,0
BRDA:400,26,0,0
BRDA:400,26,1,0
BRDA:403,27,0,19
BRDA:403,27,1,1
BRDA:408,28,0,21
BRDA:408,28,1,21
BRDA:410,29,0,0
BRDA:410,29,1,0
BRDA:426,30,0,1
BRDA:426,30,1,0
BRDA:426,31,0,1
BRDA:426,31,1,1
BRF:68
BRH:43
end_of_record
