TN:
SF:./src/module.js
FNF:0
FNH:0
DA:2,1
LF:1
LH:1
BRF:0
BRH:0
end_of_record
TN:
SF:./src/form-directive.js
FN:1,(anonymous_1)
FN:4,(anonymous_2)
FN:9,(anonymous_3)
FN:11,preLink
FN:14,(anonymous_5)
FN:16,(anonymous_6)
FN:20,postLink
FN:21,(anonymous_8)
FN:30,(anonymous_9)
FN:31,(anonymous_10)
FNF:10
FNH:10
FNDA:1,(anonymous_1)
FNDA:21,(anonymous_2)
FNDA:27,(anonymous_3)
FNDA:25,preLink
FNDA:104,(anonymous_5)
FNDA:23,(anonymous_6)
FNDA:23,postLink
FNDA:6,(anonymous_8)
FNDA:27,(anonymous_9)
FNDA:22,(anonymous_10)
DA:1,1
DA:3,1
DA:5,21
DA:10,27
DA:13,25
DA:14,25
DA:15,104
DA:17,23
DA:21,23
DA:22,6
DA:23,5
DA:24,5
DA:31,27
DA:32,22
LF:14
LH:14
BRDA:13,1,0,25
BRDA:13,1,1,21
BRDA:17,2,0,23
BRDA:17,2,1,19
BRDA:22,3,0,5
BRDA:22,3,1,1
BRF:6
BRH:6
end_of_record
TN:
SF:./src/helper.js
FN:4,(anonymous_1)
FN:7,(anonymous_2)
FN:25,(anonymous_3)
FN:28,(anonymous_4)
FN:66,(anonymous_5)
FN:72,(anonymous_6)
FN:76,(anonymous_7)
FN:86,(anonymous_8)
FN:88,(anonymous_9)
FN:96,(anonymous_10)
FN:100,(anonymous_11)
FN:107,(anonymous_12)
FNF:12
FNH:12
FNDA:1,(anonymous_1)
FNDA:33,(anonymous_2)
FNDA:8,(anonymous_3)
FNDA:27,(anonymous_4)
FNDA:54,(anonymous_5)
FNDA:15,(anonymous_6)
FNDA:52,(anonymous_7)
FNDA:37,(anonymous_8)
FNDA:185,(anonymous_9)
FNDA:35,(anonymous_10)
FNDA:280,(anonymous_11)
FNDA:23,(anonymous_12)
DA:4,1
DA:6,1
DA:9,33
DA:24,33
DA:26,8
DA:29,27
DA:67,54
DA:68,54
DA:69,54
DA:70,41
DA:72,54
DA:73,15
DA:77,52
DA:78,52
DA:80,52
DA:81,50
DA:83,2
DA:87,37
DA:88,37
DA:89,185
DA:90,185
DA:91,37
DA:94,37
DA:97,35
DA:98,35
DA:99,35
DA:100,35
DA:101,280
DA:102,35
DA:105,35
DA:108,23
LF:31
LH:31
BRDA:26,1,0,8
BRDA:26,1,1,1
BRDA:29,2,0,27
BRDA:29,2,1,23
BRDA:29,3,0,27
BRDA:29,3,1,24
BRDA:69,4,0,41
BRDA:69,4,1,13
BRDA:69,5,0,54
BRDA:69,5,1,53
BRDA:69,5,2,53
BRDA:73,6,0,12
BRDA:73,6,1,3
BRDA:77,7,0,52
BRDA:77,7,1,27
BRDA:77,7,2,27
BRDA:78,8,0,52
BRDA:78,8,1,44
BRDA:80,9,0,50
BRDA:80,9,1,2
BRDA:81,10,0,50
BRDA:81,10,1,40
BRDA:81,10,2,18
BRDA:89,11,0,185
BRDA:89,11,1,151
BRDA:90,12,0,37
BRDA:90,12,1,148
BRDA:101,13,0,35
BRDA:101,13,1,245
BRDA:101,14,0,280
BRDA:101,14,1,73
BRF:31
BRH:31
end_of_record
TN:
SF:./src/model-directive.js
FN:4,(anonymous_1)
FN:7,(anonymous_2)
FN:11,(anonymous_3)
FN:12,postLink
FN:18,(anonymous_5)
FN:27,(anonymous_6)
FN:41,(anonymous_7)
FN:53,(anonymous_8)
FN:60,(anonymous_9)
FN:62,(anonymous_10)
FN:69,(anonymous_11)
FN:78,(anonymous_12)
FN:80,(anonymous_13)
FNF:13
FNH:13
FNDA:1,(anonymous_1)
FNDA:19,(anonymous_2)
FNDA:23,(anonymous_3)
FNDA:22,postLink
FNDA:19,(anonymous_5)
FNDA:9,(anonymous_6)
FNDA:9,(anonymous_7)
FNDA:10,(anonymous_8)
FNDA:83,(anonymous_9)
FNDA:27,(anonymous_10)
FNDA:1,(anonymous_11)
FNDA:88,(anonymous_12)
FNDA:30,(anonymous_13)
DA:4,1
DA:6,1
DA:8,19
DA:12,23
DA:13,22
DA:14,22
DA:15,22
DA:16,22
DA:17,22
DA:18,22
DA:19,19
DA:20,15
DA:21,15
DA:22,15
DA:23,1
DA:27,22
DA:28,9
DA:29,9
DA:30,1
DA:34,22
DA:35,22
DA:38,22
DA:41,20
DA:42,9
DA:44,20
DA:47,1
DA:49,1
DA:53,21
DA:54,10
DA:58,21
DA:60,19
DA:61,83
DA:63,27
DA:64,8
DA:67,19
DA:69,1
DA:70,1
DA:72,1
DA:74,1
DA:78,20
DA:79,88
DA:81,30
DA:82,21
LF:43
LH:43
BRDA:13,1,0,22
BRDA:13,1,1,19
BRDA:19,2,0,15
BRDA:19,2,1,4
BRDA:22,3,0,1
BRDA:22,3,1,14
BRDA:29,4,0,1
BRDA:29,4,1,8
BRDA:38,5,0,19
BRDA:38,5,1,20
BRDA:38,5,2,1
BRDA:38,5,3,1
BRDA:58,6,0,19
BRDA:58,6,1,1
BRDA:58,6,2,1
BRDA:63,7,0,8
BRDA:63,7,1,19
BRDA:81,8,0,21
BRDA:81,8,1,9
BRF:19
BRH:19
end_of_record
